<?xml version="1.0" encoding="UTF-8"?>
<!-- Generated by org.testng.reporters.JUnitXMLReporter -->
<testsuite ignored="0" hostname="DESKTOP-DDBIC8B" failures="1" tests="10" name="Test" time="335.492" errors="0" timestamp="2022-01-16T21:40:13 PST">
  <testcase classname="io.cucumber.testng.AbstractTestNGCucumberTests" name="runScenario" time="58.791"/>
  <testcase classname="io.cucumber.testng.AbstractTestNGCucumberTests" name="runScenario" time="45.064"/>
  <testcase classname="io.cucumber.testng.AbstractTestNGCucumberTests" name="runScenario" time="23.095"/>
  <testcase classname="io.cucumber.testng.AbstractTestNGCucumberTests" name="runScenario" time="35.094">
    <failure type="com.mindtree.exceptions.ReusableComponentException" message="booknow is not able clicked in page booknow">
      <![CDATA[com.mindtree.exceptions.ReusableComponentException: booknow is not able clicked in page booknow
at com.mindtree.reusableComponents.WebDriverSupport.click(WebDriverSupport.java:22)
at com.mindtree.pageObject.Signout.book(Signout.java:45)
at com.mindtree.stepDefinitions.SignoutStepDef.click_on_bookings_and_cancelled_and_comlplete_and_booknow(SignoutStepDef.java:67)
at âœ½.click on bookings and cancelled and comlplete and booknow(file:///C:/Users/SK%20Rajesh/BDD/Features/Signout.feature:10)
]]>
    </failure>
  </testcase> <!-- runScenario -->
  <testcase classname="io.cucumber.testng.AbstractTestNGCucumberTests" name="runScenario" time="41.263"/>
  <testcase classname="io.cucumber.testng.AbstractTestNGCucumberTests" name="runScenario" time="22.498"/>
  <testcase classname="io.cucumber.testng.AbstractTestNGCucumberTests" name="runScenario" time="26.013"/>
  <testcase classname="io.cucumber.testng.AbstractTestNGCucumberTests" name="runScenario" time="30.919"/>
  <testcase classname="io.cucumber.testng.AbstractTestNGCucumberTests" name="runScenario" time="34.368"/>
  <testcase classname="io.cucumber.testng.AbstractTestNGCucumberTests" name="runScenario" time="15.498"/>
</testsuite> <!-- Test -->
